INFO:  latexindent version 3.23.4, 2023-11-19, a script to indent .tex files
       latexindent lives here: /home/cv-rishi/.local/share/nvim/mason/packages/latexindent/
       Wed Aug 28 15:42:54 2024
       Reading input from STDIN
INFO:  Processing switches:
       -s|--silent: Silent mode active (you have used either -s or --silent)
       -w|--overwrite: Overwrite mode active, will make a back up before overwriting
       -l|--localSettings: Read localSettings YAML file
INFO:  Directory for backup files and indent.log:
       .
INFO:  YAML settings read: defaultSettings.yaml
       Reading defaultSettings.yaml from /home/cv-rishi/.local/share/nvim/mason/packages/latexindent/defaultSettings.yaml
       Reading defaultSettings.yaml (2nd attempt) from /home/cv-rishi/.local/share/nvim/mason/packages/latexindent/../../texmf-dist/scripts/latexindent/defaultSettings.yaml
       and then, if necessary, /home/cv-rishi/.local/share/nvim/mason/packages/latexindent/LatexIndent/defaultSettings.yaml
INFO:  YAML reading settings
       Home directory is /home/cv-rishi
       latexindent.pl didn't find indentconfig.yaml or .indentconfig.yaml
       see all possible locations: https://latexindentpl.readthedocs.io/en/latest/sec-appendices.html#indentconfig-options)
INFO:  YAML settings read: -l switch
       Adding /home/cv-rishi/.config/defaultSettings.yaml to YAML read paths
INFO:  YAML settings, reading from the following files:
       Reading USER settings from /home/cv-rishi/.config/defaultSettings.yaml
       ---
       align:
         eqnarray: 'true'
         tabular: 'true'
       code:
         indent: '2'
         preserve: 'false'
       commands:
         args: 'true'
         indent: '2'
       comments:
         indent: '2'
         inline: 'true'
       dash:
         em_dash: '---'
         en_dash: '--'
       indent:
         before:
           parenthesis: '1'
         command: '2'
         environment: '4'
         firstLine: '2'
       mathMode:
         alignment: 'true'
         removeSpace: 'true'
         spaces:
           after: '1'
           before: '1'
       modifyLineBreaks: 'true'
       spaces:
         after:
           command: '0'
         before:
           parenthesis: '1'

WARN:  modifyLineBreaks specified and m switch is *not* active
       perhaps you intended to call
            latexindent.pl -m -l /home/cv-rishi/.config/defaultSettings.yaml -
INFO:  Backup procedure (-w flag active):
       Backing up - to ./-.bak0...
       - will be overwritten after indentation
FATAL Could not write to backup file ./-.bak0. Please check permissions.
      Exiting, no indentation done.
       --------------
INFO:  Please direct all communication/issues to:
        https://github.com/cmhughes/latexindent.pl
